<?xml version="1.0" encoding="UTF-8"?>
<testng-results skipped="0" failed="0" ignored="0" total="1" passed="1">
  <reporter-output>
  </reporter-output>
  <suite name="Suite" duration-ms="21747" started-at="2018-10-05T09:26:02Z" finished-at="2018-10-05T09:26:23Z">
    <groups>
    </groups>
    <test name="Test" duration-ms="21747" started-at="2018-10-05T09:26:02Z" finished-at="2018-10-05T09:26:23Z">
      <class name="com.Lpage.app.HomePageNavigation">
        <test-method status="PASS" signature="HomePageNavigatonTest()[pri:0, instance:com.Lpage.app.HomePageNavigation@39529185]" name="HomePageNavigatonTest" duration-ms="21606" started-at="2018-10-05T09:26:02Z" finished-at="2018-10-05T09:26:23Z">
          <reporter-output>
          </reporter-output>
        </test-method> <!-- HomePageNavigatonTest -->
      </class> <!-- com.Lpage.app.HomePageNavigation -->
    </test> <!-- Test -->
  </suite> <!-- Suite -->
</testng-results>
