<?xml version="1.0" encoding="UTF-8"?>
<testng-results skipped="0" failed="0" ignored="0" total="1" passed="1">
  <reporter-output>
  </reporter-output>
  <suite name="Default suite" duration-ms="22532" started-at="2018-10-05T10:39:25Z" finished-at="2018-10-05T10:39:47Z">
    <groups>
    </groups>
    <test name="Default test" duration-ms="22532" started-at="2018-10-05T10:39:25Z" finished-at="2018-10-05T10:39:47Z">
      <class name="com.Lpage.app.HomePageNavigation">
        <test-method status="PASS" signature="HomePageNavigatonTest()[pri:0, instance:com.Lpage.app.HomePageNavigation@6cf0e0ba]" name="HomePageNavigatonTest" duration-ms="22507" started-at="2018-10-05T10:39:25Z" finished-at="2018-10-05T10:39:47Z">
          <reporter-output>
          </reporter-output>
        </test-method> <!-- HomePageNavigatonTest -->
      </class> <!-- com.Lpage.app.HomePageNavigation -->
    </test> <!-- Default test -->
  </suite> <!-- Default suite -->
</testng-results>
